number,value,datetime_start,datetime_complete,duration,params_colsample_bytree,params_gamma,params_learning_rate,params_max_depth,params_min_child_weight,params_n_estimators,params_reg_alpha,params_reg_lambda,params_subsample,state
90,0.7682397344884164,2026-06-16 11:16:52.761003,2026-06-16 11:16:59.686058,0 days 00:00:06.925055,0.6097880509647599,0.40861164284783136,0.007602809684483451,12,2,1067,2.196059883911986e-08,0.00012997965051101613,0.7907812304791463,COMPLETE
91,0.7732394576243626,2026-06-16 11:16:59.689178,2026-06-16 11:17:06.759199,0 days 00:00:07.070021,0.544702293400841,0.12626081043451687,0.01046229587962835,11,4,1125,4.746900782087741e-08,1.2398490268015207e-06,0.6904558796075367,COMPLETE
92,0.7738967076274692,2026-06-16 11:17:06.763406,2026-06-16 11:17:14.178472,0 days 00:00:07.415066,0.5301073226522318,0.4015760673731368,0.005846110660018684,11,5,1114,6.938592001658473e-08,1.3690410982655346e-05,0.7228542423037841,COMPLETE
93,0.772671277112388,2026-06-16 11:17:14.181341,2026-06-16 11:17:21.439090,0 days 00:00:07.257749,0.5436148014981925,0.0008411178418093468,0.010733531468929887,11,3,882,5.0640545474480666e-08,6.024167260088631e-07,0.7333422693107499,COMPLETE
94,0.7731259105133492,2026-06-16 11:17:21.440257,2026-06-16 11:17:26.725280,0 days 00:00:05.285023,0.5593129150753978,0.6579017329695578,0.009299927255630802,12,4,1161,1.7302734558048342e-08,0.0006215839175246702,0.7041650465747051,COMPLETE
95,0.775935834472347,2026-06-16 11:17:26.728160,2026-06-16 11:17:34.314190,0 days 00:00:07.586030,0.5137110324735935,0.23544198292825275,0.006735271088169075,11,3,1093,6.223634731259061e-07,2.518570298794569e-07,0.678961924499456,COMPLETE
96,0.7757166441582953,2026-06-16 11:17:34.317113,2026-06-16 11:17:42.069641,0 days 00:00:07.752528,0.5125598748176416,0.24795622966770586,0.006853371188989408,12,3,1093,6.664075196365463e-07,0.00018580667814306566,0.679344454137829,COMPLETE
97,0.7709904906507516,2026-06-16 11:17:42.072452,2026-06-16 11:17:50.109184,0 days 00:00:08.036732,0.5831931463223731,0.222333443524841,0.004193293754630397,10,3,867,6.388971228241285e-07,7.930358904301245e-08,0.6767934334151957,COMPLETE
98,0.7741296144333526,2026-06-16 11:17:50.110544,2026-06-16 11:17:58.163397,0 days 00:00:08.052853,0.5117466699014023,0.1151590040789614,0.007178478133985472,11,2,963,3.175309067267132e-07,1.5749078200964757e-08,0.6682368646040079,COMPLETE
99,0.7756767675906799,2026-06-16 11:17:58.166236,2026-06-16 11:18:07.109426,0 days 00:00:08.943190,0.5160284046844817,0.12700452518683056,0.005482149931106876,11,2,959,3.56940167160219e-07,2.2928614198207863e-08,0.6388968593936585,COMPLETE
